[21:18:29] [Server thread/INFO]: Starting minecraft server version 1.15.2
[21:18:29] [Server thread/INFO]: Loading properties
[21:18:30] [Server thread/INFO]: Default game type: SURVIVAL
[21:18:30] [Server thread/INFO]: Generating keypair
[21:18:30] [Server thread/INFO]: Starting Minecraft server on *:25565
[21:18:30] [Server thread/INFO]: Using default channel type
[21:18:32] [Server thread/INFO]: This server is running CraftBukkit version git-Bukkit-8160e29 (MC: 1.15.2) (Implementing API version 1.15.2-R0.1-SNAPSHOT)
[21:18:32] [Server thread/INFO]: Preparing level "world"
[21:18:32] [Server thread/INFO]: Found new data pack file/bukkit, loading it automatically
[21:18:32] [Server thread/INFO]: Found new data pack vanilla, loading it automatically
[21:18:32] [Server thread/INFO]: Reloading ResourceManager: Default, bukkit
[21:19:03] [Server thread/INFO]: Loaded 6 recipes
[21:19:11] [Server thread/INFO]: Preparing start region for dimension 'world'/minecraft:overworld
[21:19:12] [Server-Worker-3/INFO]: Preparing spawn area: 0%
[21:19:12] [Server-Worker-1/INFO]: Preparing spawn area: 0%
[21:19:12] [Server-Worker-3/INFO]: Preparing spawn area: 0%
[21:19:13] [Server-Worker-1/INFO]: Preparing spawn area: 0%
[21:19:13] [Server-Worker-2/INFO]: Preparing spawn area: 0%
[21:19:14] [Server-Worker-1/INFO]: Preparing spawn area: 1%
[21:19:14] [Server-Worker-2/INFO]: Preparing spawn area: 1%
[21:19:15] [Server-Worker-1/INFO]: Preparing spawn area: 3%
[21:19:15] [Server-Worker-1/INFO]: Preparing spawn area: 3%
[21:19:16] [Server-Worker-3/INFO]: Preparing spawn area: 3%
[21:19:16] [Server-Worker-1/INFO]: Preparing spawn area: 5%
[21:19:17] [Server-Worker-1/INFO]: Preparing spawn area: 5%
[21:19:17] [Server-Worker-1/INFO]: Preparing spawn area: 5%
[21:19:18] [Server-Worker-1/INFO]: Preparing spawn area: 8%
[21:19:18] [Server-Worker-2/INFO]: Preparing spawn area: 8%
[21:19:19] [Server-Worker-1/INFO]: Preparing spawn area: 9%
[21:19:19] [Server-Worker-2/INFO]: Preparing spawn area: 10%
[21:19:20] [Server-Worker-3/INFO]: Preparing spawn area: 11%
[21:19:20] [Server-Worker-1/INFO]: Preparing spawn area: 11%
[21:19:21] [Server-Worker-1/INFO]: Preparing spawn area: 12%
[21:19:21] [Server-Worker-3/INFO]: Preparing spawn area: 13%
[21:19:22] [Server-Worker-1/INFO]: Preparing spawn area: 13%
[21:19:22] [Server-Worker-2/INFO]: Preparing spawn area: 14%
[21:19:23] [Server-Worker-3/INFO]: Preparing spawn area: 15%
[21:19:23] [Server-Worker-2/INFO]: Preparing spawn area: 15%
[21:19:24] [Server-Worker-3/INFO]: Preparing spawn area: 15%
[21:19:24] [Server-Worker-3/INFO]: Preparing spawn area: 15%
[21:19:25] [Server-Worker-3/INFO]: Preparing spawn area: 17%
[21:19:25] [Server-Worker-2/INFO]: Preparing spawn area: 17%
[21:19:26] [Server-Worker-1/INFO]: Preparing spawn area: 18%
[21:19:26] [Server-Worker-1/INFO]: Preparing spawn area: 18%
[21:19:27] [Server-Worker-2/INFO]: Preparing spawn area: 18%
[21:19:27] [Server-Worker-1/INFO]: Preparing spawn area: 18%
[21:19:28] [Server-Worker-1/INFO]: Preparing spawn area: 18%
[21:19:28] [Server-Worker-1/INFO]: Preparing spawn area: 18%
[21:19:29] [Server-Worker-1/INFO]: Preparing spawn area: 23%
[21:19:29] [Server-Worker-1/INFO]: Preparing spawn area: 23%
[21:19:30] [Server-Worker-2/INFO]: Preparing spawn area: 24%
[21:19:30] [Server-Worker-3/INFO]: Preparing spawn area: 25%
[21:19:31] [Server-Worker-1/INFO]: Preparing spawn area: 25%
[21:19:31] [Server-Worker-3/INFO]: Preparing spawn area: 26%
[21:19:32] [Server-Worker-2/INFO]: Preparing spawn area: 27%
[21:19:32] [Server-Worker-2/INFO]: Preparing spawn area: 28%
[21:19:33] [Server-Worker-2/INFO]: Preparing spawn area: 29%
[21:19:33] [Server-Worker-3/INFO]: Preparing spawn area: 29%
[21:19:34] [Server-Worker-2/INFO]: Preparing spawn area: 29%
[21:19:34] [Server-Worker-2/INFO]: Preparing spawn area: 29%
[21:19:35] [Server-Worker-2/INFO]: Preparing spawn area: 29%
[21:19:35] [Server-Worker-1/INFO]: Preparing spawn area: 33%
[21:19:36] [Server-Worker-1/INFO]: Preparing spawn area: 34%
[21:19:36] [Server-Worker-2/INFO]: Preparing spawn area: 34%
[21:19:37] [Server-Worker-3/INFO]: Preparing spawn area: 35%
[21:19:37] [Server-Worker-1/INFO]: Preparing spawn area: 36%
[21:19:38] [Server-Worker-1/INFO]: Preparing spawn area: 37%
[21:19:38] [Server-Worker-2/INFO]: Preparing spawn area: 39%
[21:19:39] [Server-Worker-1/INFO]: Preparing spawn area: 40%
[21:19:39] [Server-Worker-2/INFO]: Preparing spawn area: 41%
[21:19:40] [Server-Worker-3/INFO]: Preparing spawn area: 41%
[21:19:41] [Server-Worker-1/INFO]: Preparing spawn area: 42%
[21:19:41] [Server-Worker-2/INFO]: Preparing spawn area: 43%
[21:19:42] [Server-Worker-2/INFO]: Preparing spawn area: 44%
[21:19:42] [Server-Worker-2/INFO]: Preparing spawn area: 44%
[21:19:42] [Server-Worker-1/INFO]: Preparing spawn area: 45%
[21:19:43] [Server-Worker-2/INFO]: Preparing spawn area: 46%
[21:19:43] [Server-Worker-1/INFO]: Preparing spawn area: 47%
[21:19:44] [Server-Worker-2/INFO]: Preparing spawn area: 48%
[21:19:44] [Server-Worker-3/INFO]: Preparing spawn area: 48%
[21:19:45] [Server-Worker-2/INFO]: Preparing spawn area: 49%
[21:19:45] [Server-Worker-1/INFO]: Preparing spawn area: 51%
[21:19:46] [Server-Worker-3/INFO]: Preparing spawn area: 52%
[21:19:47] [Server-Worker-3/INFO]: Preparing spawn area: 53%
[21:19:47] [Server-Worker-1/INFO]: Preparing spawn area: 54%
[21:19:48] [Server-Worker-1/INFO]: Preparing spawn area: 55%
[21:19:48] [Server-Worker-2/INFO]: Preparing spawn area: 55%
[21:19:48] [Server-Worker-2/INFO]: Preparing spawn area: 56%
[21:19:49] [Server-Worker-1/INFO]: Preparing spawn area: 57%
[21:19:49] [Server-Worker-1/INFO]: Preparing spawn area: 58%
[21:19:50] [Server-Worker-1/INFO]: Preparing spawn area: 59%
[21:19:50] [Server-Worker-1/INFO]: Preparing spawn area: 59%
[21:19:51] [Server-Worker-3/INFO]: Preparing spawn area: 61%
[21:19:51] [Server-Worker-3/INFO]: Preparing spawn area: 62%
[21:19:52] [Server-Worker-3/INFO]: Preparing spawn area: 63%
[21:19:52] [Server-Worker-2/INFO]: Preparing spawn area: 65%
[21:19:53] [Server-Worker-2/INFO]: Preparing spawn area: 65%
[21:19:54] [Server-Worker-1/INFO]: Preparing spawn area: 66%
[21:19:54] [Server-Worker-1/INFO]: Preparing spawn area: 66%
[21:19:54] [Server-Worker-1/INFO]: Preparing spawn area: 68%
[21:19:55] [Server-Worker-1/INFO]: Preparing spawn area: 70%
[21:19:56] [Server-Worker-2/INFO]: Preparing spawn area: 71%
[21:19:56] [Server-Worker-2/INFO]: Preparing spawn area: 72%
[21:19:57] [Server-Worker-2/INFO]: Preparing spawn area: 73%
[21:19:57] [Server-Worker-2/INFO]: Preparing spawn area: 74%
[21:19:57] [Server-Worker-1/INFO]: Preparing spawn area: 74%
[21:19:58] [Server-Worker-1/INFO]: Preparing spawn area: 75%
[21:19:58] [Server-Worker-3/INFO]: Preparing spawn area: 77%
[21:19:59] [Server-Worker-1/INFO]: Preparing spawn area: 78%
[21:19:59] [Server-Worker-1/INFO]: Preparing spawn area: 80%
[21:20:00] [Server-Worker-3/INFO]: Preparing spawn area: 81%
[21:20:00] [Server-Worker-1/INFO]: Preparing spawn area: 82%
[21:20:02] [Server-Worker-1/INFO]: Preparing spawn area: 82%
[21:20:02] [Server-Worker-3/INFO]: Preparing spawn area: 82%
[21:20:03] [Server-Worker-1/INFO]: Preparing spawn area: 85%
[21:20:03] [Server-Worker-1/INFO]: Preparing spawn area: 85%
[21:20:03] [Server-Worker-3/INFO]: Preparing spawn area: 88%
[21:20:03] [Server-Worker-1/INFO]: Preparing spawn area: 88%
[21:20:04] [Server-Worker-3/INFO]: Preparing spawn area: 89%
[21:20:05] [Server-Worker-3/INFO]: Preparing spawn area: 90%
[21:20:05] [Server-Worker-3/INFO]: Preparing spawn area: 90%
[21:20:06] [Server-Worker-1/INFO]: Preparing spawn area: 92%
[21:20:06] [Server-Worker-2/INFO]: Preparing spawn area: 93%
[21:20:06] [Server-Worker-3/INFO]: Preparing spawn area: 95%
[21:20:07] [Server-Worker-1/INFO]: Preparing spawn area: 96%
[21:20:08] [Server-Worker-3/INFO]: Preparing spawn area: 97%
[21:20:08] [Server-Worker-3/INFO]: Preparing spawn area: 98%
[21:20:09] [Server-Worker-1/INFO]: Preparing spawn area: 99%
[21:20:09] [Server thread/INFO]: Time elapsed: 57297 ms
[21:20:09] [Server thread/INFO]: Preparing start region for dimension 'world_nether'/minecraft:the_nether
[21:20:09] [Server-Worker-2/INFO]: Preparing spawn area: 0%
[21:20:09] [Server-Worker-2/INFO]: Preparing spawn area: 0%
[21:20:10] [Server-Worker-2/INFO]: Preparing spawn area: 0%
[21:20:10] [Server-Worker-2/INFO]: Preparing spawn area: 1%
[21:20:11] [Server-Worker-2/INFO]: Preparing spawn area: 5%
[21:20:11] [Server-Worker-3/INFO]: Preparing spawn area: 8%
[21:20:12] [Server-Worker-3/INFO]: Preparing spawn area: 10%
[21:20:12] [Server-Worker-3/INFO]: Preparing spawn area: 12%
[21:20:13] [Server-Worker-1/INFO]: Preparing spawn area: 16%
[21:20:13] [Server-Worker-1/INFO]: Preparing spawn area: 18%
[21:20:14] [Server-Worker-3/INFO]: Preparing spawn area: 20%
[21:20:14] [Server-Worker-3/INFO]: Preparing spawn area: 22%
[21:20:15] [Server-Worker-1/INFO]: Preparing spawn area: 27%
[21:20:15] [Server-Worker-3/INFO]: Preparing spawn area: 29%
[21:20:16] [Server-Worker-3/INFO]: Preparing spawn area: 32%
[21:20:16] [Server-Worker-3/INFO]: Preparing spawn area: 32%
[21:20:17] [Server-Worker-1/INFO]: Preparing spawn area: 37%
[21:20:17] [Server-Worker-3/INFO]: Preparing spawn area: 41%
[21:20:18] [Server-Worker-2/INFO]: Preparing spawn area: 42%
[21:20:18] [Server-Worker-2/INFO]: Preparing spawn area: 47%
[21:20:19] [Server-Worker-2/INFO]: Preparing spawn area: 49%
[21:20:19] [Server-Worker-3/INFO]: Preparing spawn area: 50%
[21:20:20] [Server-Worker-2/INFO]: Preparing spawn area: 53%
[21:20:20] [Server-Worker-3/INFO]: Preparing spawn area: 54%
[21:20:21] [Server-Worker-2/INFO]: Preparing spawn area: 54%
[21:20:21] [Server-Worker-2/INFO]: Preparing spawn area: 59%
[21:20:22] [Server-Worker-3/INFO]: Preparing spawn area: 59%
[21:20:22] [Server-Worker-1/INFO]: Preparing spawn area: 66%
[21:20:23] [Server-Worker-2/INFO]: Preparing spawn area: 67%
[21:20:23] [Server-Worker-3/INFO]: Preparing spawn area: 71%
[21:20:24] [Server-Worker-2/INFO]: Preparing spawn area: 74%
[21:20:24] [Server-Worker-3/INFO]: Preparing spawn area: 77%
[21:20:25] [Server-Worker-1/INFO]: Preparing spawn area: 80%
[21:20:25] [Server-Worker-1/INFO]: Preparing spawn area: 82%
[21:20:26] [Server-Worker-3/INFO]: Preparing spawn area: 87%
[21:20:26] [Server-Worker-1/INFO]: Preparing spawn area: 91%
[21:20:27] [Server-Worker-1/INFO]: Preparing spawn area: 95%
[21:20:27] [Server-Worker-1/INFO]: Preparing spawn area: 95%
[21:20:28] [Server thread/INFO]: Time elapsed: 18928 ms
[21:20:28] [Server thread/INFO]: Preparing start region for dimension 'world_the_end'/minecraft:the_end
[21:20:28] [Server-Worker-1/INFO]: Preparing spawn area: 0%
[21:20:28] [Server-Worker-2/INFO]: Preparing spawn area: 0%
[21:20:29] [Server-Worker-1/INFO]: Preparing spawn area: 7%
[21:20:29] [Server-Worker-2/INFO]: Preparing spawn area: 17%
[21:20:30] [Server-Worker-2/INFO]: Preparing spawn area: 31%
[21:20:30] [Server-Worker-2/INFO]: Preparing spawn area: 44%
[21:20:31] [Server-Worker-1/INFO]: Preparing spawn area: 59%
[21:20:31] [Server-Worker-2/INFO]: Preparing spawn area: 75%
[21:20:32] [Server-Worker-2/INFO]: Preparing spawn area: 87%
[21:20:32] [Server thread/INFO]: Time elapsed: 4340 ms
[21:20:32] [Server thread/INFO]: Done (120.103s)! For help, type "help"
[21:21:47] [User Authenticator #1/INFO]: UUID of player BRIKEUH is 672c2621-eb8b-419b-a43c-6e178313a19a
[21:21:47] [Server thread/INFO]: BRIKEUH[/108.185.7.252:54468] logged in with entity id 301 at ([world]136.5, 71.0, -190.5)
[21:22:07] [Server thread/INFO]: BRIKEUH lost connection: Disconnected
[21:22:07] [Server thread/INFO]: BRIKEUH left the game
[21:25:38] [Server thread/WARN]: Can't keep up! Is the server overloaded? Running 5538ms or 110 ticks behind
[21:27:53] [User Authenticator #2/INFO]: UUID of player DrMonkeyifyed is 8cbd3a4b-1df6-440a-8d5a-3632c1643299
[21:27:53] [Server thread/INFO]: DrMonkeyifyed[/47.145.113.40:59850] logged in with entity id 435 at ([world]137.5, 71.0, -189.5)
[21:28:02] [Netty Server IO #5/INFO]: <DrMonkeyifyed> hi how are ya[m
[21:28:10] [Netty Server IO #5/INFO]: <DrMonkeyifyed> i know you can read this[m
[21:28:28] [Server thread/INFO]: DrMonkeyifyed issued server command: /help
[21:29:11] [Server thread/INFO]: Unknown command. Type "help" for help.[m
[21:29:14] [Server thread/INFO]: Stopping the server
[21:29:14] [Server thread/INFO]: Stopping server
[21:29:14] [Server thread/INFO]: Saving players
[21:29:14] [Server thread/INFO]: DrMonkeyifyed lost connection: Server closed
[21:29:14] [Server thread/INFO]: DrMonkeyifyed left the game
[21:29:14] [Server thread/INFO]: Saving worlds
[21:29:14] [Server thread/INFO]: Saving chunks for level 'world'/minecraft:overworld
[21:29:15] [Server thread/INFO]: ThreadedAnvilChunkStorage (world): All chunks are saved
[21:29:15] [Server thread/INFO]: Saving chunks for level 'world_nether'/minecraft:the_nether
[21:29:15] [Server thread/INFO]: ThreadedAnvilChunkStorage (DIM-1): All chunks are saved
[21:29:15] [Server thread/INFO]: Saving chunks for level 'world_the_end'/minecraft:the_end
[21:29:15] [Server thread/INFO]: ThreadedAnvilChunkStorage (DIM1): All chunks are saved
[21:29:15] [Server thread/INFO]: ThreadedAnvilChunkStorage (world): All chunks are saved
[21:29:16] [Server thread/INFO]: ThreadedAnvilChunkStorage (DIM-1): All chunks are saved
[21:29:16] [Server thread/INFO]: ThreadedAnvilChunkStorage (DIM1): All chunks are saved
